\BOOKMARK [0][-]{chapter*.1}{Abstract}{}% 1
\BOOKMARK [0][-]{chapter*.3}{Acknowledgements}{}% 2
\BOOKMARK [0][-]{section*.5}{Contents}{}% 3
\BOOKMARK [0][-]{section*.6}{List\040of\040Figures}{}% 4
\BOOKMARK [0][-]{section*.7}{List\040of\040Tables}{}% 5
\BOOKMARK [-1][-]{part.1}{\376\377\000P\000a\000r\000t\000\040\000I\000:\000\040\220\073\217\221\116\016\213\301\146\016}{}% 6
\BOOKMARK [0][-]{chapter.1}{\376\377\124\175\230\230\220\073\217\221}{part.1}% 7
\BOOKMARK [1][-]{section.1.1}{\376\377\137\025\212\000}{chapter.1}% 8
\BOOKMARK [1][-]{section.1.2}{\376\377\124\175\230\230\220\073\217\221\166\204\213\355\154\325}{chapter.1}% 9
\BOOKMARK [1][-]{section.1.3}{\376\377\124\175\230\230\220\073\217\221\166\204\213\355\116\111}{chapter.1}% 10
\BOOKMARK [1][-]{section.1.4}{\376\377\124\175\230\230\220\073\217\221\166\204\143\250\164\006\174\373\176\337}{chapter.1}% 11
\BOOKMARK [0][-]{chapter.2}{\376\377\116\000\226\066\214\023\213\315\220\073\217\221}{part.1}% 12
\BOOKMARK [0][-]{chapter.3}{\376\377\145\160\133\146\137\122\176\263\154\325}{part.1}% 13
\BOOKMARK [1][-]{section.3.1}{\376\377\145\160\133\146\137\122\176\263\154\325\116\016\202\157\136\217\123\237\164\006}{chapter.3}% 14
\BOOKMARK [1][-]{section.3.2}{\376\377\173\054\116\000\145\160\133\146\137\122\176\263\154\325\171\072\117\213}{chapter.3}% 15
\BOOKMARK [1][-]{section.3.3}{\376\377\173\054\116\214\145\160\133\146\137\122\176\263\154\325\171\072\117\213}{chapter.3}% 16
\BOOKMARK [1][-]{section.3.4}{\376\377\204\335\167\074\116\272\214\034\230\230}{chapter.3}% 17
\BOOKMARK [1][-]{section.3.5}{\376\377\145\160\133\146\137\122\176\263\154\325\123\330\171\315}{chapter.3}% 18
\BOOKMARK [-1][-]{part.2}{\376\377\000P\000a\000r\000t\000\040\000I\000I\000:\000\040\226\306\124\010\213\272}{}% 19
\BOOKMARK [0][-]{section*.10}{Appendices}{part.2}% 20
